[17/01/2016 13:07] /reload global
[17/01/2016 13:10] /reload global
[17/01/2016 13:32] /reload commands
[17/01/2016 13:32] /reload talkactions
[17/01/2016 13:33] /reload talkactions
[17/01/2016 13:34] /reload talkactions
[17/01/2016 13:37] /reload talkactions
[17/01/2016 13:39] /reload talkactions
[17/01/2016 13:40] /reload talkactions
[17/01/2016 13:53] /reload movements
[17/01/2016 13:56] /reload items
[17/01/2016 13:56] /reload movements
[17/01/2016 13:56] /reload items
[17/01/2016 13:57] /reload movements
[17/01/2016 13:58] /reload movements
[17/01/2016 14:00] /reload movements
[17/01/2016 14:03] /reload movements
[17/01/2016 14:10] /reload movements
[17/01/2016 14:11] /reload movemets
[17/01/2016 14:11] /reload movements
[17/01/2016 14:16] /reload movements
[17/01/2016 14:17] /reload movements
[17/01/2016 14:19] /reload items
[17/01/2016 14:19] /reload items
[17/01/2016 14:20] /reload items
[17/01/2016 14:22] /reload items
[17/01/2016 15:29] /reload items
[17/01/2016 15:30] /reload items
[17/01/2016 15:33] /reload actions
[17/01/2016 15:48] /reload global
[17/01/2016 15:52] /reload global
[17/01/2016 15:53] /reload global
[17/01/2016 15:54] /reload actions
[17/01/2016 16:07] /reload actions
[17/01/2016 16:07] /reload actoins
[17/01/2016 16:07] /reload actions
[17/01/2016 16:07] /reload items
[17/01/2016 16:07] /reload movements
[17/01/2016 16:07] /reload actions
[17/01/2016 16:08] /reload items
[17/01/2016 16:08] /reload global
[17/01/2016 16:17] /reload actions
[17/01/2016 16:17] /reload global
[17/01/2016 16:17] /reload items
